# JRE version: OpenJDK Runtime Environment (8.0_152-b01) (build 1.8.0_152-release-1343-b01)
# Java VM: OpenJDK 64-Bit Server VM (25.152-b01 mixed mode windows-amd64 compressed oops)
Heap:
 PSYoungGen      total 258048K, used 231668K [0x00000000e0000000, 0x00000000f4a00000, 0x0000000100000000)
  eden space 218624K, 100% used [0x00000000e0000000,0x00000000ed580000,0x00000000ed580000)
  from space 39424K, 33% used [0x00000000ed580000,0x00000000ee23d230,0x00000000efc00000)
  to   space 38400K, 99% used [0x00000000f2480000,0x00000000f49fd5e8,0x00000000f4a00000)
 ParOldGen       total 158720K, used 78165K [0x00000000a0000000, 0x00000000a9b00000, 0x00000000e0000000)
  object space 158720K, 49% used [0x00000000a0000000,0x00000000a4c55598,0x00000000a9b00000)
 Metaspace       used 66731K, capacity 68599K, committed 68904K, reserved 1110016K
  class space    used 7905K, capacity 8376K, committed 8488K, reserved 1048576K
GC Heap History (10 events):
Event: 25.090 GC heap after
Heap after GC invocations=12 (full 2):
 PSYoungGen      total 210432K, used 26116K [0x00000000e0000000, 0x00000000ef480000, 0x0000000100000000)
  eden space 177152K, 0% used [0x00000000e0000000,0x00000000e0000000,0x00000000ead00000)
  from space 33280K, 78% used [0x00000000ecf80000,0x00000000ee9013e8,0x00000000ef000000)
  to   space 35328K, 0% used [0x00000000ead00000,0x00000000ead00000,0x00000000ecf80000)
 ParOldGen       total 80384K, used 54416K [0x00000000a0000000, 0x00000000a4e80000, 0x00000000e0000000)
  object space 80384K, 67% used [0x00000000a0000000,0x00000000a3524240,0x00000000a4e80000)
 Metaspace       used 57891K, capacity 58897K, committed 59160K, reserved 1101824K
  class space    used 7218K, capacity 7505K, committed 7592K, reserved 1048576K
}
Event: 25.090 GC heap before
{Heap before GC invocations=13 (full 3):
 PSYoungGen      total 210432K, used 26116K [0x00000000e0000000, 0x00000000ef480000, 0x0000000100000000)
  eden space 177152K, 0% used [0x00000000e0000000,0x00000000e0000000,0x00000000ead00000)
  from space 33280K, 78% used [0x00000000ecf80000,0x00000000ee9013e8,0x00000000ef000000)
  to   space 35328K, 0% used [0x00000000ead00000,0x00000000ead00000,0x00000000ecf80000)
 ParOldGen       total 80384K, used 54416K [0x00000000a0000000, 0x00000000a4e80000, 0x00000000e0000000)
  object space 80384K, 67% used [0x00000000a0000000,0x00000000a3524240,0x00000000a4e80000)
 Metaspace       used 57891K, capacity 58897K, committed 59160K, reserved 1101824K
  class space    used 7218K, capacity 7505K, committed 7592K, reserved 1048576K
Event: 25.646 GC heap after
Heap after GC invocations=13 (full 3):
 PSYoungGen      total 210432K, used 0K [0x00000000e0000000, 0x00000000ef480000, 0x0000000100000000)
  eden space 177152K, 0% used [0x00000000e0000000,0x00000000e0000000,0x00000000ead00000)
  from space 33280K, 0% used [0x00000000ecf80000,0x00000000ecf80000,0x00000000ef000000)
  to   space 35328K, 0% used [0x00000000ead00000,0x00000000ead00000,0x00000000ecf80000)
 ParOldGen       total 158720K, used 68293K [0x00000000a0000000, 0x00000000a9b00000, 0x00000000e0000000)
  object space 158720K, 43% used [0x00000000a0000000,0x00000000a42b1568,0x00000000a9b00000)
 Metaspace       used 57891K, capacity 58897K, committed 59160K, reserved 1101824K
  class space    used 7218K, capacity 7505K, committed 7592K, reserved 1048576K
}
Event: 323.023 GC heap before
{Heap before GC invocations=14 (full 3):
 PSYoungGen      total 210432K, used 177152K [0x00000000e0000000, 0x00000000ef480000, 0x0000000100000000)
  eden space 177152K, 100% used [0x00000000e0000000,0x00000000ead00000,0x00000000ead00000)
  from space 33280K, 0% used [0x00000000ecf80000,0x00000000ecf80000,0x00000000ef000000)
  to   space 35328K, 0% used [0x00000000ead00000,0x00000000ead00000,0x00000000ecf80000)
 ParOldGen       total 158720K, used 68293K [0x00000000a0000000, 0x00000000a9b00000, 0x00000000e0000000)
  object space 158720K, 43% used [0x00000000a0000000,0x00000000a42b1568,0x00000000a9b00000)
 Metaspace       used 62712K, capacity 64001K, committed 64040K, reserved 1105920K
  class space    used 7626K, capacity 7963K, committed 7976K, reserved 1048576K
Event: 323.052 GC heap after
Heap after GC invocations=14 (full 3):
 PSYoungGen      total 212480K, used 22201K [0x00000000e0000000, 0x00000000f2280000, 0x0000000100000000)
  eden space 177152K, 0% used [0x00000000e0000000,0x00000000e0000000,0x00000000ead00000)
  from space 35328K, 62% used [0x00000000ead00000,0x00000000ec2ae578,0x00000000ecf80000)
  to   space 35840K, 0% used [0x00000000eff80000,0x00000000eff80000,0x00000000f2280000)
 ParOldGen       total 158720K, used 68301K [0x00000000a0000000, 0x00000000a9b00000, 0x00000000e0000000)
  object space 158720K, 43% used [0x00000000a0000000,0x00000000a42b3568,0x00000000a9b00000)
 Metaspace       used 62712K, capacity 64001K, committed 64040K, reserved 1105920K
  class space    used 7626K, capacity 7963K, committed 7976K, reserved 1048576K
}
Event: 403.697 GC heap before
{Heap before GC invocations=15 (full 3):
 PSYoungGen      total 212480K, used 199353K [0x00000000e0000000, 0x00000000f2280000, 0x0000000100000000)
  eden space 177152K, 100% used [0x00000000e0000000,0x00000000ead00000,0x00000000ead00000)
  from space 35328K, 62% used [0x00000000ead00000,0x00000000ec2ae578,0x00000000ecf80000)
  to   space 35840K, 0% used [0x00000000eff80000,0x00000000eff80000,0x00000000f2280000)
 ParOldGen       total 158720K, used 68301K [0x00000000a0000000, 0x00000000a9b00000, 0x00000000e0000000)
  object space 158720K, 43% used [0x00000000a0000000,0x00000000a42b3568,0x00000000a9b00000)
 Metaspace       used 63973K, capacity 65405K, committed 65448K, reserved 1105920K
  class space    used 7702K, capacity 8077K, committed 8104K, reserved 1048576K
Event: 403.739 GC heap after
Heap after GC invocations=15 (full 3):
 PSYoungGen      total 254464K, used 31661K [0x00000000e0000000, 0x00000000f2280000, 0x0000000100000000)
  eden space 218624K, 0% used [0x00000000e0000000,0x00000000e0000000,0x00000000ed580000)
  from space 35840K, 88% used [0x00000000eff80000,0x00000000f1e6b400,0x00000000f2280000)
  to   space 39424K, 0% used [0x00000000ed580000,0x00000000ed580000,0x00000000efc00000)
 ParOldGen       total 158720K, used 68309K [0x00000000a0000000, 0x00000000a9b00000, 0x00000000e0000000)
  object space 158720K, 43% used [0x00000000a0000000,0x00000000a42b5568,0x00000000a9b00000)
 Metaspace       used 63973K, capacity 65405K, committed 65448K, reserved 1105920K
  class space    used 7702K, capacity 8077K, committed 8104K, reserved 1048576K
}
Event: 1107.517 GC heap before
{Heap before GC invocations=16 (full 3):
 PSYoungGen      total 254464K, used 250285K [0x00000000e0000000, 0x00000000f2280000, 0x0000000100000000)
  eden space 218624K, 100% used [0x00000000e0000000,0x00000000ed580000,0x00000000ed580000)
  from space 35840K, 88% used [0x00000000eff80000,0x00000000f1e6b400,0x00000000f2280000)
  to   space 39424K, 0% used [0x00000000ed580000,0x00000000ed580000,0x00000000efc00000)
 ParOldGen       total 158720K, used 68309K [0x00000000a0000000, 0x00000000a9b00000, 0x00000000e0000000)
  object space 158720K, 43% used [0x00000000a0000000,0x00000000a42b5568,0x00000000a9b00000)
 Metaspace       used 66049K, capacity 67869K, committed 68008K, reserved 1110016K
  class space    used 7867K, capacity 8339K, committed 8360K, reserved 1048576K
Event: 1107.529 GC heap after
Heap after GC invocations=16 (full 3):
 PSYoungGen      total 258048K, used 13044K [0x00000000e0000000, 0x00000000f4a00000, 0x0000000100000000)
  eden space 218624K, 0% used [0x00000000e0000000,0x00000000e0000000,0x00000000ed580000)
  from space 39424K, 33% used [0x00000000ed580000,0x00000000ee23d230,0x00000000efc00000)
  to   space 38400K, 0% used [0x00000000f2480000,0x00000000f2480000,0x00000000f4a00000)
 ParOldGen       total 158720K, used 68317K [0x00000000a0000000, 0x00000000a9b00000, 0x00000000e0000000)
  object space 158720K, 43% used [0x00000000a0000000,0x00000000a42b7568,0x00000000a9b00000)
 Metaspace       used 66049K, capacity 67869K, committed 68008K, reserved 1110016K
  class space    used 7867K, capacity 8339K, committed 8360K, reserved 1048576K
}
Event: 1110.152 GC heap before
{Heap before GC invocations=17 (full 3):
 PSYoungGen      total 258048K, used 231668K [0x00000000e0000000, 0x00000000f4a00000, 0x0000000100000000)
  eden space 218624K, 100% used [0x00000000e0000000,0x00000000ed580000,0x00000000ed580000)
  from space 39424K, 33% used [0x00000000ed580000,0x00000000ee23d230,0x00000000efc00000)
  to   space 38400K, 0% used [0x00000000f2480000,0x00000000f2480000,0x00000000f4a00000)
 ParOldGen       total 158720K, used 68317K [0x00000000a0000000, 0x00000000a9b00000, 0x00000000e0000000)
  object space 158720K, 43% used [0x00000000a0000000,0x00000000a42b7568,0x00000000a9b00000)
 Metaspace       used 66731K, capacity 68599K, committed 68904K, reserved 1110016K
  class space    used 7905K, capacity 8376K, committed 8488K, reserved 1048576K

